Determining size of bool failed with the following output:
Change Dir: /home/alustos/Project3Compilers/build/CMakeFiles/CMakeTmp

Run Build Command:"/usr/bin/make" "cmTC_ad7dc/fast"
/usr/bin/make -f CMakeFiles/cmTC_ad7dc.dir/build.make CMakeFiles/cmTC_ad7dc.dir/build
make[1]: Entering directory '/home/alustos/Project3Compilers/build/CMakeFiles/CMakeTmp'
Building C object CMakeFiles/cmTC_ad7dc.dir/DR_DO_NOT_DEFINE_bool.c.o
/usr/bin/gcc    -o CMakeFiles/cmTC_ad7dc.dir/DR_DO_NOT_DEFINE_bool.c.o   -c /home/alustos/Project3Compilers/build/CMakeFiles/CheckTypeSize/DR_DO_NOT_DEFINE_bool.c
/home/alustos/Project3Compilers/build/CMakeFiles/CheckTypeSize/DR_DO_NOT_DEFINE_bool.c:23:22: error: ‘bool’ undeclared here (not in a function); did you mean ‘_Bool’?
 #define SIZE (sizeof(bool))
                      ^
/home/alustos/Project3Compilers/build/CMakeFiles/CheckTypeSize/DR_DO_NOT_DEFINE_bool.c:25:12: note: in expansion of macro ‘SIZE’
   ('0' + ((SIZE / 10000)%10)),
            ^~~~
CMakeFiles/cmTC_ad7dc.dir/build.make:65: recipe for target 'CMakeFiles/cmTC_ad7dc.dir/DR_DO_NOT_DEFINE_bool.c.o' failed
make[1]: *** [CMakeFiles/cmTC_ad7dc.dir/DR_DO_NOT_DEFINE_bool.c.o] Error 1
make[1]: Leaving directory '/home/alustos/Project3Compilers/build/CMakeFiles/CMakeTmp'
Makefile:126: recipe for target 'cmTC_ad7dc/fast' failed
make: *** [cmTC_ad7dc/fast] Error 2

/home/alustos/Project3Compilers/build/CMakeFiles/CheckTypeSize/DR_DO_NOT_DEFINE_bool.c:
#include <sys/types.h>
#include <stdint.h>
#include <stddef.h>


#undef KEY
#if defined(__i386)
# define KEY '_','_','i','3','8','6'
#elif defined(__x86_64)
# define KEY '_','_','x','8','6','_','6','4'
#elif defined(__ppc__)
# define KEY '_','_','p','p','c','_','_'
#elif defined(__ppc64__)
# define KEY '_','_','p','p','c','6','4','_','_'
#elif defined(__aarch64__)
# define KEY '_','_','a','a','r','c','h','6','4','_','_'
#elif defined(__ARM_ARCH_7A__)
# define KEY '_','_','A','R','M','_','A','R','C','H','_','7','A','_','_'
#elif defined(__ARM_ARCH_7S__)
# define KEY '_','_','A','R','M','_','A','R','C','H','_','7','S','_','_'
#endif

#define SIZE (sizeof(bool))
char info_size[] =  {'I', 'N', 'F', 'O', ':', 's','i','z','e','[',
  ('0' + ((SIZE / 10000)%10)),
  ('0' + ((SIZE / 1000)%10)),
  ('0' + ((SIZE / 100)%10)),
  ('0' + ((SIZE / 10)%10)),
  ('0' +  (SIZE    % 10)),
  ']',
#ifdef KEY
  ' ','k','e','y','[', KEY, ']',
#endif
  '\0'};

#ifdef __CLASSIC_C__
int main(argc, argv) int argc; char *argv[];
#else
int main(int argc, char *argv[])
#endif
{
  int require = 0;
  require += info_size[argc];
  (void)argv;
  return require;
}


Determining size of byte failed with the following output:
Change Dir: /home/alustos/Project3Compilers/build/CMakeFiles/CMakeTmp

Run Build Command:"/usr/bin/make" "cmTC_0ba86/fast"
/usr/bin/make -f CMakeFiles/cmTC_0ba86.dir/build.make CMakeFiles/cmTC_0ba86.dir/build
make[1]: Entering directory '/home/alustos/Project3Compilers/build/CMakeFiles/CMakeTmp'
Building C object CMakeFiles/cmTC_0ba86.dir/DR_DO_NOT_DEFINE_byte.c.o
/usr/bin/gcc    -o CMakeFiles/cmTC_0ba86.dir/DR_DO_NOT_DEFINE_byte.c.o   -c /home/alustos/Project3Compilers/build/CMakeFiles/CheckTypeSize/DR_DO_NOT_DEFINE_byte.c
/home/alustos/Project3Compilers/build/CMakeFiles/CheckTypeSize/DR_DO_NOT_DEFINE_byte.c:23:22: error: ‘byte’ undeclared here (not in a function)
 #define SIZE (sizeof(byte))
                      ^
/home/alustos/Project3Compilers/build/CMakeFiles/CheckTypeSize/DR_DO_NOT_DEFINE_byte.c:25:12: note: in expansion of macro ‘SIZE’
   ('0' + ((SIZE / 10000)%10)),
            ^~~~
CMakeFiles/cmTC_0ba86.dir/build.make:65: recipe for target 'CMakeFiles/cmTC_0ba86.dir/DR_DO_NOT_DEFINE_byte.c.o' failed
make[1]: *** [CMakeFiles/cmTC_0ba86.dir/DR_DO_NOT_DEFINE_byte.c.o] Error 1
make[1]: Leaving directory '/home/alustos/Project3Compilers/build/CMakeFiles/CMakeTmp'
Makefile:126: recipe for target 'cmTC_0ba86/fast' failed
make: *** [cmTC_0ba86/fast] Error 2

/home/alustos/Project3Compilers/build/CMakeFiles/CheckTypeSize/DR_DO_NOT_DEFINE_byte.c:
#include <sys/types.h>
#include <stdint.h>
#include <stddef.h>


#undef KEY
#if defined(__i386)
# define KEY '_','_','i','3','8','6'
#elif defined(__x86_64)
# define KEY '_','_','x','8','6','_','6','4'
#elif defined(__ppc__)
# define KEY '_','_','p','p','c','_','_'
#elif defined(__ppc64__)
# define KEY '_','_','p','p','c','6','4','_','_'
#elif defined(__aarch64__)
# define KEY '_','_','a','a','r','c','h','6','4','_','_'
#elif defined(__ARM_ARCH_7A__)
# define KEY '_','_','A','R','M','_','A','R','C','H','_','7','A','_','_'
#elif defined(__ARM_ARCH_7S__)
# define KEY '_','_','A','R','M','_','A','R','C','H','_','7','S','_','_'
#endif

#define SIZE (sizeof(byte))
char info_size[] =  {'I', 'N', 'F', 'O', ':', 's','i','z','e','[',
  ('0' + ((SIZE / 10000)%10)),
  ('0' + ((SIZE / 1000)%10)),
  ('0' + ((SIZE / 100)%10)),
  ('0' + ((SIZE / 10)%10)),
  ('0' +  (SIZE    % 10)),
  ']',
#ifdef KEY
  ' ','k','e','y','[', KEY, ']',
#endif
  '\0'};

#ifdef __CLASSIC_C__
int main(argc, argv) int argc; char *argv[];
#else
int main(int argc, char *argv[])
#endif
{
  int require = 0;
  require += info_size[argc];
  (void)argv;
  return require;
}


Determining size of sbyte failed with the following output:
Change Dir: /home/alustos/Project3Compilers/build/CMakeFiles/CMakeTmp

Run Build Command:"/usr/bin/make" "cmTC_9ba52/fast"
/usr/bin/make -f CMakeFiles/cmTC_9ba52.dir/build.make CMakeFiles/cmTC_9ba52.dir/build
make[1]: Entering directory '/home/alustos/Project3Compilers/build/CMakeFiles/CMakeTmp'
Building C object CMakeFiles/cmTC_9ba52.dir/DR_DO_NOT_DEFINE_sbyte.c.o
/usr/bin/gcc    -o CMakeFiles/cmTC_9ba52.dir/DR_DO_NOT_DEFINE_sbyte.c.o   -c /home/alustos/Project3Compilers/build/CMakeFiles/CheckTypeSize/DR_DO_NOT_DEFINE_sbyte.c
/home/alustos/Project3Compilers/build/CMakeFiles/CheckTypeSize/DR_DO_NOT_DEFINE_sbyte.c:23:22: error: ‘sbyte’ undeclared here (not in a function)
 #define SIZE (sizeof(sbyte))
                      ^
/home/alustos/Project3Compilers/build/CMakeFiles/CheckTypeSize/DR_DO_NOT_DEFINE_sbyte.c:25:12: note: in expansion of macro ‘SIZE’
   ('0' + ((SIZE / 10000)%10)),
            ^~~~
CMakeFiles/cmTC_9ba52.dir/build.make:65: recipe for target 'CMakeFiles/cmTC_9ba52.dir/DR_DO_NOT_DEFINE_sbyte.c.o' failed
make[1]: *** [CMakeFiles/cmTC_9ba52.dir/DR_DO_NOT_DEFINE_sbyte.c.o] Error 1
make[1]: Leaving directory '/home/alustos/Project3Compilers/build/CMakeFiles/CMakeTmp'
Makefile:126: recipe for target 'cmTC_9ba52/fast' failed
make: *** [cmTC_9ba52/fast] Error 2

/home/alustos/Project3Compilers/build/CMakeFiles/CheckTypeSize/DR_DO_NOT_DEFINE_sbyte.c:
#include <sys/types.h>
#include <stdint.h>
#include <stddef.h>


#undef KEY
#if defined(__i386)
# define KEY '_','_','i','3','8','6'
#elif defined(__x86_64)
# define KEY '_','_','x','8','6','_','6','4'
#elif defined(__ppc__)
# define KEY '_','_','p','p','c','_','_'
#elif defined(__ppc64__)
# define KEY '_','_','p','p','c','6','4','_','_'
#elif defined(__aarch64__)
# define KEY '_','_','a','a','r','c','h','6','4','_','_'
#elif defined(__ARM_ARCH_7A__)
# define KEY '_','_','A','R','M','_','A','R','C','H','_','7','A','_','_'
#elif defined(__ARM_ARCH_7S__)
# define KEY '_','_','A','R','M','_','A','R','C','H','_','7','S','_','_'
#endif

#define SIZE (sizeof(sbyte))
char info_size[] =  {'I', 'N', 'F', 'O', ':', 's','i','z','e','[',
  ('0' + ((SIZE / 10000)%10)),
  ('0' + ((SIZE / 1000)%10)),
  ('0' + ((SIZE / 100)%10)),
  ('0' + ((SIZE / 10)%10)),
  ('0' +  (SIZE    % 10)),
  ']',
#ifdef KEY
  ' ','k','e','y','[', KEY, ']',
#endif
  '\0'};

#ifdef __CLASSIC_C__
int main(argc, argv) int argc; char *argv[];
#else
int main(int argc, char *argv[])
#endif
{
  int require = 0;
  require += info_size[argc];
  (void)argv;
  return require;
}


Determining size of uint32 failed with the following output:
Change Dir: /home/alustos/Project3Compilers/build/CMakeFiles/CMakeTmp

Run Build Command:"/usr/bin/make" "cmTC_2c0db/fast"
/usr/bin/make -f CMakeFiles/cmTC_2c0db.dir/build.make CMakeFiles/cmTC_2c0db.dir/build
make[1]: Entering directory '/home/alustos/Project3Compilers/build/CMakeFiles/CMakeTmp'
Building C object CMakeFiles/cmTC_2c0db.dir/DR_DO_NOT_DEFINE_uint32.c.o
/usr/bin/gcc    -o CMakeFiles/cmTC_2c0db.dir/DR_DO_NOT_DEFINE_uint32.c.o   -c /home/alustos/Project3Compilers/build/CMakeFiles/CheckTypeSize/DR_DO_NOT_DEFINE_uint32.c
/home/alustos/Project3Compilers/build/CMakeFiles/CheckTypeSize/DR_DO_NOT_DEFINE_uint32.c:23:22: error: ‘uint32’ undeclared here (not in a function); did you mean ‘uint32_t’?
 #define SIZE (sizeof(uint32))
                      ^
/home/alustos/Project3Compilers/build/CMakeFiles/CheckTypeSize/DR_DO_NOT_DEFINE_uint32.c:25:12: note: in expansion of macro ‘SIZE’
   ('0' + ((SIZE / 10000)%10)),
            ^~~~
CMakeFiles/cmTC_2c0db.dir/build.make:65: recipe for target 'CMakeFiles/cmTC_2c0db.dir/DR_DO_NOT_DEFINE_uint32.c.o' failed
make[1]: *** [CMakeFiles/cmTC_2c0db.dir/DR_DO_NOT_DEFINE_uint32.c.o] Error 1
make[1]: Leaving directory '/home/alustos/Project3Compilers/build/CMakeFiles/CMakeTmp'
Makefile:126: recipe for target 'cmTC_2c0db/fast' failed
make: *** [cmTC_2c0db/fast] Error 2

/home/alustos/Project3Compilers/build/CMakeFiles/CheckTypeSize/DR_DO_NOT_DEFINE_uint32.c:
#include <sys/types.h>
#include <stdint.h>
#include <stddef.h>


#undef KEY
#if defined(__i386)
# define KEY '_','_','i','3','8','6'
#elif defined(__x86_64)
# define KEY '_','_','x','8','6','_','6','4'
#elif defined(__ppc__)
# define KEY '_','_','p','p','c','_','_'
#elif defined(__ppc64__)
# define KEY '_','_','p','p','c','6','4','_','_'
#elif defined(__aarch64__)
# define KEY '_','_','a','a','r','c','h','6','4','_','_'
#elif defined(__ARM_ARCH_7A__)
# define KEY '_','_','A','R','M','_','A','R','C','H','_','7','A','_','_'
#elif defined(__ARM_ARCH_7S__)
# define KEY '_','_','A','R','M','_','A','R','C','H','_','7','S','_','_'
#endif

#define SIZE (sizeof(uint32))
char info_size[] =  {'I', 'N', 'F', 'O', ':', 's','i','z','e','[',
  ('0' + ((SIZE / 10000)%10)),
  ('0' + ((SIZE / 1000)%10)),
  ('0' + ((SIZE / 100)%10)),
  ('0' + ((SIZE / 10)%10)),
  ('0' +  (SIZE    % 10)),
  ']',
#ifdef KEY
  ' ','k','e','y','[', KEY, ']',
#endif
  '\0'};

#ifdef __CLASSIC_C__
int main(argc, argv) int argc; char *argv[];
#else
int main(int argc, char *argv[])
#endif
{
  int require = 0;
  require += info_size[argc];
  (void)argv;
  return require;
}


Determining size of uint64 failed with the following output:
Change Dir: /home/alustos/Project3Compilers/build/CMakeFiles/CMakeTmp

Run Build Command:"/usr/bin/make" "cmTC_e6a55/fast"
/usr/bin/make -f CMakeFiles/cmTC_e6a55.dir/build.make CMakeFiles/cmTC_e6a55.dir/build
make[1]: Entering directory '/home/alustos/Project3Compilers/build/CMakeFiles/CMakeTmp'
Building C object CMakeFiles/cmTC_e6a55.dir/DR_DO_NOT_DEFINE_uint64.c.o
/usr/bin/gcc    -o CMakeFiles/cmTC_e6a55.dir/DR_DO_NOT_DEFINE_uint64.c.o   -c /home/alustos/Project3Compilers/build/CMakeFiles/CheckTypeSize/DR_DO_NOT_DEFINE_uint64.c
/home/alustos/Project3Compilers/build/CMakeFiles/CheckTypeSize/DR_DO_NOT_DEFINE_uint64.c:23:22: error: ‘uint64’ undeclared here (not in a function); did you mean ‘uint64_t’?
 #define SIZE (sizeof(uint64))
                      ^
/home/alustos/Project3Compilers/build/CMakeFiles/CheckTypeSize/DR_DO_NOT_DEFINE_uint64.c:25:12: note: in expansion of macro ‘SIZE’
   ('0' + ((SIZE / 10000)%10)),
            ^~~~
CMakeFiles/cmTC_e6a55.dir/build.make:65: recipe for target 'CMakeFiles/cmTC_e6a55.dir/DR_DO_NOT_DEFINE_uint64.c.o' failed
make[1]: *** [CMakeFiles/cmTC_e6a55.dir/DR_DO_NOT_DEFINE_uint64.c.o] Error 1
make[1]: Leaving directory '/home/alustos/Project3Compilers/build/CMakeFiles/CMakeTmp'
Makefile:126: recipe for target 'cmTC_e6a55/fast' failed
make: *** [cmTC_e6a55/fast] Error 2

/home/alustos/Project3Compilers/build/CMakeFiles/CheckTypeSize/DR_DO_NOT_DEFINE_uint64.c:
#include <sys/types.h>
#include <stdint.h>
#include <stddef.h>


#undef KEY
#if defined(__i386)
# define KEY '_','_','i','3','8','6'
#elif defined(__x86_64)
# define KEY '_','_','x','8','6','_','6','4'
#elif defined(__ppc__)
# define KEY '_','_','p','p','c','_','_'
#elif defined(__ppc64__)
# define KEY '_','_','p','p','c','6','4','_','_'
#elif defined(__aarch64__)
# define KEY '_','_','a','a','r','c','h','6','4','_','_'
#elif defined(__ARM_ARCH_7A__)
# define KEY '_','_','A','R','M','_','A','R','C','H','_','7','A','_','_'
#elif defined(__ARM_ARCH_7S__)
# define KEY '_','_','A','R','M','_','A','R','C','H','_','7','S','_','_'
#endif

#define SIZE (sizeof(uint64))
char info_size[] =  {'I', 'N', 'F', 'O', ':', 's','i','z','e','[',
  ('0' + ((SIZE / 10000)%10)),
  ('0' + ((SIZE / 1000)%10)),
  ('0' + ((SIZE / 100)%10)),
  ('0' + ((SIZE / 10)%10)),
  ('0' +  (SIZE    % 10)),
  ']',
#ifdef KEY
  ' ','k','e','y','[', KEY, ']',
#endif
  '\0'};

#ifdef __CLASSIC_C__
int main(argc, argv) int argc; char *argv[];
#else
int main(int argc, char *argv[])
#endif
{
  int require = 0;
  require += info_size[argc];
  (void)argv;
  return require;
}


Determining size of int32 failed with the following output:
Change Dir: /home/alustos/Project3Compilers/build/CMakeFiles/CMakeTmp

Run Build Command:"/usr/bin/make" "cmTC_c226d/fast"
/usr/bin/make -f CMakeFiles/cmTC_c226d.dir/build.make CMakeFiles/cmTC_c226d.dir/build
make[1]: Entering directory '/home/alustos/Project3Compilers/build/CMakeFiles/CMakeTmp'
Building C object CMakeFiles/cmTC_c226d.dir/DR_DO_NOT_DEFINE_int32.c.o
/usr/bin/gcc    -o CMakeFiles/cmTC_c226d.dir/DR_DO_NOT_DEFINE_int32.c.o   -c /home/alustos/Project3Compilers/build/CMakeFiles/CheckTypeSize/DR_DO_NOT_DEFINE_int32.c
/home/alustos/Project3Compilers/build/CMakeFiles/CheckTypeSize/DR_DO_NOT_DEFINE_int32.c:23:22: error: ‘int32’ undeclared here (not in a function); did you mean ‘int32_t’?
 #define SIZE (sizeof(int32))
                      ^
/home/alustos/Project3Compilers/build/CMakeFiles/CheckTypeSize/DR_DO_NOT_DEFINE_int32.c:25:12: note: in expansion of macro ‘SIZE’
   ('0' + ((SIZE / 10000)%10)),
            ^~~~
CMakeFiles/cmTC_c226d.dir/build.make:65: recipe for target 'CMakeFiles/cmTC_c226d.dir/DR_DO_NOT_DEFINE_int32.c.o' failed
make[1]: *** [CMakeFiles/cmTC_c226d.dir/DR_DO_NOT_DEFINE_int32.c.o] Error 1
make[1]: Leaving directory '/home/alustos/Project3Compilers/build/CMakeFiles/CMakeTmp'
Makefile:126: recipe for target 'cmTC_c226d/fast' failed
make: *** [cmTC_c226d/fast] Error 2

/home/alustos/Project3Compilers/build/CMakeFiles/CheckTypeSize/DR_DO_NOT_DEFINE_int32.c:
#include <sys/types.h>
#include <stdint.h>
#include <stddef.h>


#undef KEY
#if defined(__i386)
# define KEY '_','_','i','3','8','6'
#elif defined(__x86_64)
# define KEY '_','_','x','8','6','_','6','4'
#elif defined(__ppc__)
# define KEY '_','_','p','p','c','_','_'
#elif defined(__ppc64__)
# define KEY '_','_','p','p','c','6','4','_','_'
#elif defined(__aarch64__)
# define KEY '_','_','a','a','r','c','h','6','4','_','_'
#elif defined(__ARM_ARCH_7A__)
# define KEY '_','_','A','R','M','_','A','R','C','H','_','7','A','_','_'
#elif defined(__ARM_ARCH_7S__)
# define KEY '_','_','A','R','M','_','A','R','C','H','_','7','S','_','_'
#endif

#define SIZE (sizeof(int32))
char info_size[] =  {'I', 'N', 'F', 'O', ':', 's','i','z','e','[',
  ('0' + ((SIZE / 10000)%10)),
  ('0' + ((SIZE / 1000)%10)),
  ('0' + ((SIZE / 100)%10)),
  ('0' + ((SIZE / 10)%10)),
  ('0' +  (SIZE    % 10)),
  ']',
#ifdef KEY
  ' ','k','e','y','[', KEY, ']',
#endif
  '\0'};

#ifdef __CLASSIC_C__
int main(argc, argv) int argc; char *argv[];
#else
int main(int argc, char *argv[])
#endif
{
  int require = 0;
  require += info_size[argc];
  (void)argv;
  return require;
}


Determining size of int64 failed with the following output:
Change Dir: /home/alustos/Project3Compilers/build/CMakeFiles/CMakeTmp

Run Build Command:"/usr/bin/make" "cmTC_ed2ea/fast"
/usr/bin/make -f CMakeFiles/cmTC_ed2ea.dir/build.make CMakeFiles/cmTC_ed2ea.dir/build
make[1]: Entering directory '/home/alustos/Project3Compilers/build/CMakeFiles/CMakeTmp'
Building C object CMakeFiles/cmTC_ed2ea.dir/DR_DO_NOT_DEFINE_int64.c.o
/usr/bin/gcc    -o CMakeFiles/cmTC_ed2ea.dir/DR_DO_NOT_DEFINE_int64.c.o   -c /home/alustos/Project3Compilers/build/CMakeFiles/CheckTypeSize/DR_DO_NOT_DEFINE_int64.c
/home/alustos/Project3Compilers/build/CMakeFiles/CheckTypeSize/DR_DO_NOT_DEFINE_int64.c:23:22: error: ‘int64’ undeclared here (not in a function); did you mean ‘int64_t’?
 #define SIZE (sizeof(int64))
                      ^
/home/alustos/Project3Compilers/build/CMakeFiles/CheckTypeSize/DR_DO_NOT_DEFINE_int64.c:25:12: note: in expansion of macro ‘SIZE’
   ('0' + ((SIZE / 10000)%10)),
            ^~~~
CMakeFiles/cmTC_ed2ea.dir/build.make:65: recipe for target 'CMakeFiles/cmTC_ed2ea.dir/DR_DO_NOT_DEFINE_int64.c.o' failed
make[1]: *** [CMakeFiles/cmTC_ed2ea.dir/DR_DO_NOT_DEFINE_int64.c.o] Error 1
make[1]: Leaving directory '/home/alustos/Project3Compilers/build/CMakeFiles/CMakeTmp'
Makefile:126: recipe for target 'cmTC_ed2ea/fast' failed
make: *** [cmTC_ed2ea/fast] Error 2

/home/alustos/Project3Compilers/build/CMakeFiles/CheckTypeSize/DR_DO_NOT_DEFINE_int64.c:
#include <sys/types.h>
#include <stdint.h>
#include <stddef.h>


#undef KEY
#if defined(__i386)
# define KEY '_','_','i','3','8','6'
#elif defined(__x86_64)
# define KEY '_','_','x','8','6','_','6','4'
#elif defined(__ppc__)
# define KEY '_','_','p','p','c','_','_'
#elif defined(__ppc64__)
# define KEY '_','_','p','p','c','6','4','_','_'
#elif defined(__aarch64__)
# define KEY '_','_','a','a','r','c','h','6','4','_','_'
#elif defined(__ARM_ARCH_7A__)
# define KEY '_','_','A','R','M','_','A','R','C','H','_','7','A','_','_'
#elif defined(__ARM_ARCH_7S__)
# define KEY '_','_','A','R','M','_','A','R','C','H','_','7','S','_','_'
#endif

#define SIZE (sizeof(int64))
char info_size[] =  {'I', 'N', 'F', 'O', ':', 's','i','z','e','[',
  ('0' + ((SIZE / 10000)%10)),
  ('0' + ((SIZE / 1000)%10)),
  ('0' + ((SIZE / 100)%10)),
  ('0' + ((SIZE / 10)%10)),
  ('0' +  (SIZE    % 10)),
  ']',
#ifdef KEY
  ' ','k','e','y','[', KEY, ']',
#endif
  '\0'};

#ifdef __CLASSIC_C__
int main(argc, argv) int argc; char *argv[];
#else
int main(int argc, char *argv[])
#endif
{
  int require = 0;
  require += info_size[argc];
  (void)argv;
  return require;
}


Performing C SOURCE FILE Test stringop_truncation_avail failed with the following output:
Change Dir: /home/alustos/Project3Compilers/build/CMakeFiles/CMakeTmp

Run Build Command:"/usr/bin/make" "cmTC_c3c1c/fast"
/usr/bin/make -f CMakeFiles/cmTC_c3c1c.dir/build.make CMakeFiles/cmTC_c3c1c.dir/build
make[1]: Entering directory '/home/alustos/Project3Compilers/build/CMakeFiles/CMakeTmp'
Building C object CMakeFiles/cmTC_c3c1c.dir/src.c.o
/usr/bin/gcc   -Dstringop_truncation_avail   -Wstringop-truncation -o CMakeFiles/cmTC_c3c1c.dir/src.c.o   -c /home/alustos/Project3Compilers/build/CMakeFiles/CMakeTmp/src.c
gcc: error: unrecognized command line option '-Wstringop-truncation'; did you mean '-Wline-truncation'?
CMakeFiles/cmTC_c3c1c.dir/build.make:65: recipe for target 'CMakeFiles/cmTC_c3c1c.dir/src.c.o' failed
make[1]: *** [CMakeFiles/cmTC_c3c1c.dir/src.c.o] Error 1
make[1]: Leaving directory '/home/alustos/Project3Compilers/build/CMakeFiles/CMakeTmp'
Makefile:126: recipe for target 'cmTC_c3c1c/fast' failed
make: *** [cmTC_c3c1c/fast] Error 2

Source file was:
int main(void) { return 0; }
Determining if the include file linux/rseq.h exists failed with the following output:
Change Dir: /home/alustos/Project3Compilers/build/CMakeFiles/CMakeTmp

Run Build Command:"/usr/bin/make" "cmTC_d97da/fast"
/usr/bin/make -f CMakeFiles/cmTC_d97da.dir/build.make CMakeFiles/cmTC_d97da.dir/build
make[1]: Entering directory '/home/alustos/Project3Compilers/build/CMakeFiles/CMakeTmp'
Building C object CMakeFiles/cmTC_d97da.dir/CheckIncludeFile.c.o
/usr/bin/gcc   -m64  -fno-strict-aliasing -fno-stack-protector -fvisibility=internal  -std=gnu99 -fno-unwind-tables -O3 -g3 -Wall -Werror -Wwrite-strings -Wno-unused-but-set-variable -Wno-format-truncation -Wno-stringop-overflow    -o CMakeFiles/cmTC_d97da.dir/CheckIncludeFile.c.o   -c /home/alustos/Project3Compilers/build/CMakeFiles/CMakeTmp/CheckIncludeFile.c
/home/alustos/Project3Compilers/build/CMakeFiles/CMakeTmp/CheckIncludeFile.c:1:10: fatal error: linux/rseq.h: No such file or directory
 #include <linux/rseq.h>
          ^~~~~~~~~~~~~~
compilation terminated.
CMakeFiles/cmTC_d97da.dir/build.make:65: recipe for target 'CMakeFiles/cmTC_d97da.dir/CheckIncludeFile.c.o' failed
make[1]: *** [CMakeFiles/cmTC_d97da.dir/CheckIncludeFile.c.o] Error 1
make[1]: Leaving directory '/home/alustos/Project3Compilers/build/CMakeFiles/CMakeTmp'
Makefile:126: recipe for target 'cmTC_d97da/fast' failed
make: *** [cmTC_d97da/fast] Error 2


